2019-10-07 11:47:56 - MOD: Modification Default

FILE: system/engine/action.php
REGEX: ~(require|include)(_once)?\(([^)]+)~
LINE: 69

FILE: system/engine/loader.php
REGEX: ~(require|include)(_once)?\(([^)]+)~
LINE: 77
LINE: 151
LINE: 168

FILE: system/library/config.php
REGEX: ~(require|include)(_once)?\(([^)]+)~
LINE: 59

FILE: system/library/language.php
REGEX: ~(require|include)(_once)?\(([^)]+)~
LINE: 67
LINE: 73

FILE: system/library/template/template.php
REGEX: ~(require|include)(_once)?\(([^)]+)~
LINE: 18

FILE: system/library/template/twig.php
CODE: $loader = new \Twig_Loader_Filesystem(DIR_TEMPLATE);
LINE: 19
----------------------------------------------------------------
MOD: Tweak for OpenCart 3x Russkaya sborka

FILE: admin/view/template/common/header.twig
CODE: {% for link in links %}
LINE: 36
CODE: <li><a href="http://www.opencart.com" target="_blank"><i class="fa fa-opencart fa-fw"></i> {{ text_homepage }}</a></li>
LINE: 67
CODE: <li><a href="http://docs.opencart.com" target="_blank"><i class="fa fa-file-text-o fa-fw"></i> {{ text_documentation }}</a></li>
LINE: 70
CODE: <li><a href="http://forum.opencart.com" target="_blank"><i class="fa fa-comments-o fa-fw"></i> {{ text_support }}</a></li>
LINE: 73

FILE: admin/view/template/catalog/product_form.twig
CODE: <label class="col-sm-2 control-label" for="input-sku"><span data-toggle="tooltip" title="{{ help_sku }}">{{ entry_sku }}</span></label>
LINE: 104
CODE: <label class="col-sm-2 control-label" for="input-sku">
LINE: 110
CODE: <label class="col-sm-2 control-label" for="input-location">{{ entry_location }}</label>
LINE: 150
CODE: <input type="text" name="model" value="{{ model }}" placeholder="{{ entry_model }}" id="input-model" class="form-control" />
LINE: 97
CODE: <li><a href="#tab-recurring" data-toggle="tab">{{ tab_recurring }}</a></li>
LINE: 32

FILE: admin/controller/common/filemanager.php
CODE: $this->load->language('common/filemanager');
LINE: 13
CODE: // Parent
LINE: 133
CODE: $pagination = new Pagination();
LINE: 194
CODE: $directory = rtrim(DIR_IMAGE . 'catalog/' . str_replace('*', '', $this->request->get['directory']), '/');
LINE: 33
CODE: $directory = rtrim(DIR_IMAGE . 'catalog/' . str_replace('*', '', $this->request->get['directory']), '/');
LINE: 33
CODE: public function index() {
LINE: 10
CODE: $filename = basename(html_entity_decode($file['name'], ENT_QUOTES, 'UTF-8'));
LINE: 260
CODE: $folder = basename(html_entity_decode($this->request->post['folder'], ENT_QUOTES, 'UTF-8'));
LINE: 340

FILE: admin/view/template/common/filemanager.twig
CODE: {% for image in images|batch(4) %}
LINE: 34

FILE: catalog/controller/tool/upload.php
CODE: public function index() {
LINE: 10
CODE: $filename = basename(preg_replace('/[^a-zA-Z0-9\.\-\s+]/', '', html_entity_decode($this->request->files['file']['name'], ENT_QUOTES, 'UTF-8')));
LINE: 17

FILE: admin/controller/marketplace/extension.php
CODE: $data['type'] = '';
LINE: 26

FILE: admin/view/template/marketplace/marketplace_list.twig
CODE: {% if license.value == filter_license %}<a href="{{ license.href }}" class="btn btn-default active">{{ license.text }}</a>{% else %}<a href="{{ license.href }}" class="btn btn-default">{{ license.text }}</a>{% endif %}
LINE: 49

FILE: catalog/controller/information/contact.php
CODE: if (isset($this->error['name'])) {
LINE: 48
CODE: $data['comment'] = $this->config->get('config_comment');
LINE: 106
CODE: return !$this->error;
LINE: 205

FILE: admin/model/localisation/currency.php
CODE: public function refresh($force = false) {
LINE: 107
CODE: public function getTotalCurrencies() {
LINE: 205

FILE: admin/controller/extension/extension/promotion.php
CODE: $curl = curl_init();
LINE: 6

FILE: admin/view/template/sale/order_info.twig
CODE: function changeStatus(){
LINE: 606
CODE: $('select[name="order_status_id"]').change(function(){
LINE: 635
CODE: addOrderInfo();
LINE: 564
LINE: 567

FILE: system/config/catalog.php
CODE: 'event/debug/after'
LINE: 62

FILE: admin/view/template/common/developer.twig
CODE: <td style="width: 150px;">{{ entry_cache }}</td>
LINE: 11
----------------------------------------------------------------
MOD: Ajax стандартный фильтр
----------------------------------------------------------------
MOD: Compare Buttons

FILE: catalog/language/en-gb/product/product.php
CODE: // Text
LINE: 1

FILE: catalog/language/ru-ru/product/product.php
CODE: // Text
LINE: 1

FILE: catalog/language/ua-uk/product/product.php
CODE: // Text
LINE: 1
----------------------------------------------------------------
MOD: d_social_login

FILE: admin/model/customer/customer.php
CODE: $this->db->query("DELETE FROM " . DB_PREFIX . "customer WHERE customer_id = '" . (int)$customer_id . "'");
LINE: 58

FILE: catalog/controller/common/header.php
CODE: public function index() {
LINE: 3
----------------------------------------------------------------
MOD: Export/Import Tool (V3.19) for OpenCart 3.x

FILE: admin/controller/common/column_left.php
CODE: if ($this->user->hasPermission('access', 'tool/upload')) {
LINE: 601

FILE: admin/language/en-gb/common/column_left.php
CODE: $_['text_backup']
LINE: 8

FILE: admin/language/ru-ru/common/column_left.php
CODE: $_['text_backup']
LINE: 8

FILE: admin/language/ua-uk/common/column_left.php
CODE: $_['text_backup']
LINE: 9
----------------------------------------------------------------
MOD: Flexi filter

FILE: admin/controller/startup/startup.php
CODE: $this->registry->set('cart'
LINE: 59

FILE: catalog/controller/startup/startup.php
CODE: $this->registry->set('cart'
LINE: 189

FILE: catalog/controller/product/special.php
CODE: getProductSpecials(
LINE: 80
CODE: getTotalProductSpecials(
LINE: 78

FILE: catalog/controller/product/category.php
CODE: getProducts(
LINE: 166
CODE: $url = '';
LINE: 53
LINE: 123
LINE: 225
LINE: 297
LINE: 329
LINE: 391

FILE: catalog/controller/product/search.php
CODE: getProducts(
LINE: 194
CODE: $url = '';
LINE: 86
LINE: 249
LINE: 337
LINE: 385

FILE: catalog/controller/product/manufacturer.php
CODE: getProducts(
LINE: 157
CODE: $url = '';
LINE: 116
LINE: 212
LINE: 280
LINE: 308
LINE: 366
CODE: getProducts(
LINE: 84
CODE: $url = '';
LINE: 46
LINE: 139
LINE: 207
LINE: 235

FILE: system/library/cart/tax.php
CODE: function __construct(
LINE: 10
----------------------------------------------------------------
MOD: Modification Manager

FILE: admin/language/ru-ru/marketplace/modification.php
CODE: <?php
LINE: 24

FILE: admin/language/en-gb/marketplace/modification.php
CODE: <?php
LINE: 24

FILE: admin/controller/marketplace/modification.php
CODE: public function index() {
LINE: 13
CODE: $handle = fopen(DIR_LOGS . 'ocmod.log', 'w+');
LINE: 592
CODE: $maintenance = $this->config->get('config_maintenance');
LINE: 74
CODE: $data['breadcrumbs'] = array();
LINE: 688
CODE: $data['sort_name'] =
LINE: 779
CODE: $filter_data = array(
LINE: 709
CODE: $modification_total = $this->model_setting_modification->getTotalModifications();
LINE: 716
CODE: $results = $this->model_setting_modification->getModifications($filter_data);
LINE: 718
CODE: $data['modifications'][] = array(
LINE: 723
CODE: $pagination = new Pagination();
LINE: 811
CODE: $data['clear_log'] =
LINE: 714
CODE: $this->load->view('marketplace/modification'
LINE: 871
CODE: $this->response->redirect($this->url->link(!empty($data['redirect']) ? $data['redirect'] : 'marketplace/modification', 'user_token=' . $this->session->data['user_token'] . $url, true));
LINE: 452
CODE: if ($this->validate()) {
LINE: 89
CODE: $log[] = 'MOD:
LINE: 184
CODE: $operations = $file->getElementsByTagName('operation');
LINE: 199
CODE: $files = glob($path, GLOB_BRACE);
LINE: 228
CODE: if (!$status) {
LINE: 417
CODE: $ocmod->write(implode("
", $log));
NOT FOUND - OPERATIONS ABORTED!
----------------------------------------------------------------
MOD: No Common Home

FILE: catalog/controller/startup/seo_url.php
CODE: } elseif ($key == 'path') {
LINE: 130
----------------------------------------------------------------
MOD: Product Special Tag

FILE: catalog/controller/product/product.php
CODE: $data['price'] = $this->currency->format($this->tax->calculate($product_info['price'], $product_info['tax_class_id'], $this->config->get('config_tax')), $this->session->data['currency']);
LINE: 281
CODE: $data['special'] = $this->currency->format($this->tax->calculate($product_info['special'], $product_info['tax_class_id'], $this->config->get('config_tax')), $this->session->data['currency']);
LINE: 292
CODE: if ((float)$product_info['special'])
LINE: 289
CODE: $price = $this->currency->format($this->tax->calculate($result['price'], $result['tax_class_id'], $this->config->get('config_tax')), $this->session->data['currency']);
LINE: 401
CODE: $special = $this->currency->format($this->tax->calculate($result['special'], $result['tax_class_id'], $this->config->get('config_tax')), $this->session->data['currency']);
LINE: 411
CODE: if ((float)$result['special'])
LINE: 409
CODE: $special,
LINE: 440
CODE: $price = $this->currency->format($this->tax->calculate($result['price'], $result['tax_class_id'], $this->config->get('config_tax')), $this->session->data['currency']);
LINE: 187
CODE: $special = $this->currency->format($this->tax->calculate($result['special'], $result['tax_class_id'], $this->config->get('config_tax')), $this->session->data['currency']);
LINE: 198
CODE: if ((float)$result['special'])
LINE: 195
CODE: $special,
LINE: 227
CODE: $price = $this->currency->format($this->tax->calculate($result['price'], $result['tax_class_id'], $this->config->get('config_tax')), $this->session->data['currency']);
LINE: 101
CODE: $special = $this->currency->format($this->tax->calculate($result['special'], $result['tax_class_id'], $this->config->get('config_tax')), $this->session->data['currency']);
LINE: 112
CODE: if ((float)$result['special'])
LINE: 109
CODE: $special,
LINE: 141
CODE: $price = $this->currency->format($this->tax->calculate($result['price'], $result['tax_class_id'], $this->config->get('config_tax')), $this->session->data['currency']);
LINE: 211
CODE: $special = $this->currency->format($this->tax->calculate($result['special'], $result['tax_class_id'], $this->config->get('config_tax')), $this->session->data['currency']);
LINE: 222
CODE: if ((float)$result['special'])
LINE: 219
CODE: $special,
LINE: 251
CODE: $price = $this->currency->format($this->tax->calculate($result['price'], $result['tax_class_id'], $this->config->get('config_tax')), $this->session->data['currency']);
LINE: 174
CODE: $special = $this->currency->format($this->tax->calculate($result['special'], $result['tax_class_id'], $this->config->get('config_tax')), $this->session->data['currency']);
LINE: 185
CODE: if ((float)$result['special'])
LINE: 182
CODE: $special,
LINE: 214

FILE: catalog/controller/extension/module/featured.php
CODE: $price = $this->currency->format($this->tax->calculate($product_info['price'], $product_info['tax_class_id'], $this->config->get('config_tax')), $this->session->data['currency']);
LINE: 32
CODE: $special = $this->currency->format($this->tax->calculate($product_info['special'], $product_info['tax_class_id'], $this->config->get('config_tax')), $this->session->data['currency']);
LINE: 43
CODE: if ((float)$product_info['special'])
LINE: 40
CODE: $special,
LINE: 72

FILE: catalog/controller/extension/module/special.php
CODE: $price = $this->currency->format($this->tax->calculate($result['price'], $result['tax_class_id'], $this->config->get('config_tax')), $this->session->data['currency']);
LINE: 32
CODE: $special = $this->currency->format($this->tax->calculate($result['special'], $result['tax_class_id'], $this->config->get('config_tax')), $this->session->data['currency']);
LINE: 43
CODE: if ((float)$result['special'])
LINE: 40
CODE: $special,
LINE: 72

FILE: catalog/controller/extension/module/latest.php
CODE: $price = $this->currency->format($this->tax->calculate($result['price'], $result['tax_class_id'], $this->config->get('config_tax')), $this->session->data['currency']);
LINE: 32
CODE: $special = $this->currency->format($this->tax->calculate($result['special'], $result['tax_class_id'], $this->config->get('config_tax')), $this->session->data['currency']);
LINE: 43
CODE: if ((float)$result['special'])
LINE: 40
CODE: $special,
LINE: 72
----------------------------------------------------------------
MOD: Remove Validation From Telephone Field

FILE: catalog/controller/checkout/register.php
CODE: $json['error']['telephone'] = $this->language->get('error_telephone');
LINE: 130

FILE: catalog/controller/checkout/guest.php
CODE: $json['error']['telephone'] = $this->language->get('error_telephone');
LINE: 177

FILE: catalog/controller/account/register.php
CODE: $this->error['telephone'] = $this->language->get('error_telephone');
LINE: 237

FILE: catalog/view/theme/default/template/account/register.twig
CODE: <label class="col-sm-2 control-label" for="input-telephone">{{ entry_telephone }}</label>
LINE: 68
----------------------------------------------------------------
MOD: Show Home Link in Menu
----------------------------------------------------------------
MOD: Show Login & Register Links
----------------------------------------------------------------
MOD: Supportip Images Carousel
CODE: $this->load->language('product/product');
LINE: 9
LINE: 555
LINE: 598
LINE: 642
----------------------------------------------------------------
MOD: Быстрый просмотр товара
CODE: $this->load->model('tool/image');
LINE: 12
CODE: language->load('product/product');
LINE: 13
CODE: $data['products'][] = array(
LINE: 247
CODE: $data['products'][] = array(
LINE: 258
CODE: $this->load->model('tool/image');
LINE: 10
LINE: 69
CODE: language->load('product/product');
LINE: 11
LINE: 72
CODE: $data['products'][] = array(
LINE: 239
CODE: $data['products'][] = array(
LINE: 250
CODE: $this->load->model('tool/image');
LINE: 10
CODE: language->load('product/product');
LINE: 11
CODE: $data['products'][] = array(
LINE: 161
CODE: $data['products'][] = array(
LINE: 172
CODE: $this->load->model('tool/image');
LINE: 12
CODE: language->load('product/product');
LINE: 13
CODE: $data['products'][] = array(
LINE: 271
CODE: $data['products'][] = array(
LINE: 282

FILE: catalog/language/en-gb/product/category.php
CODE: // Text
LINE: 6

FILE: catalog/language/ru-ru/product/category.php
CODE: // Text
LINE: 6

FILE: catalog/language/ua-uk/product/category.php
CODE: // Text
LINE: 6

FILE: catalog/language/en-gb/product/manufacturer.php
CODE: // Text
LINE: 9

FILE: catalog/language/ru-ru/product/manufacturer.php
CODE: // Text
LINE: 9

FILE: catalog/language/ua-uk/product/manufacturer.php
CODE: // Text
LINE: 9

FILE: catalog/language/en-gb/product/special.php
CODE: // Text
LINE: 9

FILE: catalog/language/ru-ru/product/special.php
CODE: // Text
LINE: 9

FILE: catalog/language/ua-uk/product/special.php
CODE: // Text
LINE: 9

FILE: catalog/language/en-gb/product/search.php
CODE: // Text
LINE: 10

FILE: catalog/language/ru-ru/product/search.php
CODE: // Text
LINE: 10

FILE: catalog/language/ua-uk/product/search.php
CODE: // Text
LINE: 10
----------------------------------------------------------------
MOD: Все товары в родительской категории

FILE: catalog/model/catalog/product.php
CODE: $sql .= " AND p2c.category_id = '" . (int)$data['filter_category_id'] . "'";
LINE: 83
LINE: 440
----------------------------------------------------------------
MOD: Кнопки переключения количества
----------------------------------------------------------------
MOD: Кнопки Просмотр корзины и Оформить заказ
----------------------------------------------------------------
MOD: Очиcтка кэша

FILE: admin/controller/common/header.php
CODE: $data['logged'] = true;
LINE: 54
CODE: <ul class="nav navbar-nav navbar-right">
LINE: 115
CODE: <ul class="nav navbar-nav navbar-right">
LINE: 133
----------------------------------------------------------------
MOD: Подкатегории с картинками
CODE: $data['categories'][] = array(
LINE: 156
----------------------------------------------------------------
MOD: Пользовательские поля в адресе

FILE: admin/view/template/customer/custom_field_list.twig
CODE: <td style="width: 1px;" class="text-center"><input type="checkbox" onclick="$('input[name*=\'selected\']').prop('checked', this.checked);" /></td>
LINE: 37
CODE: <td style="width: 1px;" class="text-center"><input type="checkbox" onclick="$('input[name*=\'selected\']').trigger('click');"/></td>
NOT FOUND - OPERATION SKIPPED!
CODE: <td class="text-left">{{ custom_field.name }}</td>
LINE: 71
CODE: <td class="text-center" colspan="6">{{ text_no_results }}</td>
LINE: 80

FILE: admin/model/localisation/country.php
CODE: $this->db->query("UPDATE " . DB_PREFIX . "country SET name = '" . $this->db->escape($data['name']) . "', iso_code_2 = '" . $this->db->escape($data['iso_code_2']) . "', iso_code_3 = '" . $this->db->escape($data['iso_code_3']) . "', address_format = '" . $this->db->escape($data['address_format']) . "', postcode_required = '" . (int)$data['postcode_required'] . "', status = '" . (int)$data['status'] . "' WHERE country_id = '" . (int)$country_id . "'");
LINE: 12
CODE: $this->db->query("UPDATE " . DB_PREFIX . "country SET name = '" . $this->db->escape((string)$data['name']) . "', iso_code_2 = '" . $this->db->escape((string)$data['iso_code_2']) . "', iso_code_3 = '" . $this->db->escape((string)$data['iso_code_3']) . "', address_format = '" . $this->db->escape((string)$data['address_format']) . "', postcode_required = '" . (int)$data['postcode_required'] . "', status = '" . (int)$data['status'] . "' WHERE country_id = '" . (int)$country_id . "'");
NOT FOUND - OPERATION SKIPPED!

FILE: admin/controller/sale/order.php
CODE: $data['payment_address'] = str_replace(array("
", "
", "
"), '<br />', preg_replace(array("/\s\s+/", "/

+/", "/

+/"), '<br />', trim(str_replace($find, $replace, $format))));
NOT FOUND - OPERATIONS ABORTED!

FILE: catalog/model/account/order.php
CODE: 'payment_address_format'  => $order_query->row['payment_address_format'],
LINE: 73

FILE: catalog/controller/account/address.php
CODE: foreach ($results as $result) {
LINE: 170
CODE: $find = array(
LINE: 196

FILE: catalog/controller/account/order.php
CODE: if ($order_info['payment_address_format']) {
LINE: 166
CODE: $data['payment_address'] = str_replace(array("
", "
", "
"), '<br />', preg_replace(array("/\s\s+/", "/

+/", "/

+/"), '<br />', trim(str_replace($find, $replace, $format))));
NOT FOUND - OPERATIONS ABORTED!

FILE: catalog/controller/mail/order.php
CODE: $data['payment_address'] = str_replace(array("
", "
", "
"), '<br />', preg_replace(array("/\s\s+/", "/

+/", "/

+/"), '<br />', trim(str_replace($find, $replace, $format))));
NOT FOUND - OPERATIONS ABORTED!
----------------------------------------------------------------
2019-10-07 11:48:00 - MOD: Modification Default

FILE: system/engine/action.php
REGEX: ~(require|include)(_once)?\(([^)]+)~
LINE: 69

FILE: system/engine/loader.php
REGEX: ~(require|include)(_once)?\(([^)]+)~
LINE: 77
LINE: 151
LINE: 168

FILE: system/library/config.php
REGEX: ~(require|include)(_once)?\(([^)]+)~
LINE: 59

FILE: system/library/language.php
REGEX: ~(require|include)(_once)?\(([^)]+)~
LINE: 67
LINE: 73

FILE: system/library/template/template.php
REGEX: ~(require|include)(_once)?\(([^)]+)~
LINE: 18

FILE: system/library/template/twig.php
CODE: $loader = new \Twig_Loader_Filesystem(DIR_TEMPLATE);
LINE: 19
----------------------------------------------------------------
MOD: Tweak for OpenCart 3x Russkaya sborka

FILE: admin/view/template/common/header.twig
CODE: {% for link in links %}
LINE: 36
CODE: <li><a href="http://www.opencart.com" target="_blank"><i class="fa fa-opencart fa-fw"></i> {{ text_homepage }}</a></li>
LINE: 67
CODE: <li><a href="http://docs.opencart.com" target="_blank"><i class="fa fa-file-text-o fa-fw"></i> {{ text_documentation }}</a></li>
LINE: 70
CODE: <li><a href="http://forum.opencart.com" target="_blank"><i class="fa fa-comments-o fa-fw"></i> {{ text_support }}</a></li>
LINE: 73

FILE: admin/view/template/catalog/product_form.twig
CODE: <label class="col-sm-2 control-label" for="input-sku"><span data-toggle="tooltip" title="{{ help_sku }}">{{ entry_sku }}</span></label>
LINE: 104
CODE: <label class="col-sm-2 control-label" for="input-sku">
LINE: 110
CODE: <label class="col-sm-2 control-label" for="input-location">{{ entry_location }}</label>
LINE: 150
CODE: <input type="text" name="model" value="{{ model }}" placeholder="{{ entry_model }}" id="input-model" class="form-control" />
LINE: 97
CODE: <li><a href="#tab-recurring" data-toggle="tab">{{ tab_recurring }}</a></li>
LINE: 32

FILE: admin/controller/common/filemanager.php
CODE: $this->load->language('common/filemanager');
LINE: 13
CODE: // Parent
LINE: 133
CODE: $pagination = new Pagination();
LINE: 194
CODE: $directory = rtrim(DIR_IMAGE . 'catalog/' . str_replace('*', '', $this->request->get['directory']), '/');
LINE: 33
CODE: $directory = rtrim(DIR_IMAGE . 'catalog/' . str_replace('*', '', $this->request->get['directory']), '/');
LINE: 33
CODE: public function index() {
LINE: 10
CODE: $filename = basename(html_entity_decode($file['name'], ENT_QUOTES, 'UTF-8'));
LINE: 260
CODE: $folder = basename(html_entity_decode($this->request->post['folder'], ENT_QUOTES, 'UTF-8'));
LINE: 340

FILE: admin/view/template/common/filemanager.twig
CODE: {% for image in images|batch(4) %}
LINE: 34

FILE: catalog/controller/tool/upload.php
CODE: public function index() {
LINE: 10
CODE: $filename = basename(preg_replace('/[^a-zA-Z0-9\.\-\s+]/', '', html_entity_decode($this->request->files['file']['name'], ENT_QUOTES, 'UTF-8')));
LINE: 17

FILE: admin/controller/marketplace/extension.php
CODE: $data['type'] = '';
LINE: 26

FILE: admin/view/template/marketplace/marketplace_list.twig
CODE: {% if license.value == filter_license %}<a href="{{ license.href }}" class="btn btn-default active">{{ license.text }}</a>{% else %}<a href="{{ license.href }}" class="btn btn-default">{{ license.text }}</a>{% endif %}
LINE: 49

FILE: catalog/controller/information/contact.php
CODE: if (isset($this->error['name'])) {
LINE: 48
CODE: $data['comment'] = $this->config->get('config_comment');
LINE: 106
CODE: return !$this->error;
LINE: 205

FILE: admin/model/localisation/currency.php
CODE: public function refresh($force = false) {
LINE: 107
CODE: public function getTotalCurrencies() {
LINE: 205

FILE: admin/controller/extension/extension/promotion.php
CODE: $curl = curl_init();
LINE: 6

FILE: admin/view/template/sale/order_info.twig
CODE: function changeStatus(){
LINE: 606
CODE: $('select[name="order_status_id"]').change(function(){
LINE: 635
CODE: addOrderInfo();
LINE: 564
LINE: 567

FILE: system/config/catalog.php
CODE: 'event/debug/after'
LINE: 62

FILE: admin/view/template/common/developer.twig
CODE: <td style="width: 150px;">{{ entry_cache }}</td>
LINE: 11
----------------------------------------------------------------
MOD: Ajax стандартный фильтр
----------------------------------------------------------------
MOD: Compare Buttons

FILE: catalog/language/en-gb/product/product.php
CODE: // Text
LINE: 1

FILE: catalog/language/ru-ru/product/product.php
CODE: // Text
LINE: 1

FILE: catalog/language/ua-uk/product/product.php
CODE: // Text
LINE: 1
----------------------------------------------------------------
MOD: d_social_login

FILE: admin/model/customer/customer.php
CODE: $this->db->query("DELETE FROM " . DB_PREFIX . "customer WHERE customer_id = '" . (int)$customer_id . "'");
LINE: 58

FILE: catalog/controller/common/header.php
CODE: public function index() {
LINE: 3
----------------------------------------------------------------
MOD: Export/Import Tool (V3.19) for OpenCart 3.x

FILE: admin/controller/common/column_left.php
CODE: if ($this->user->hasPermission('access', 'tool/upload')) {
LINE: 601

FILE: admin/language/en-gb/common/column_left.php
CODE: $_['text_backup']
LINE: 8

FILE: admin/language/ru-ru/common/column_left.php
CODE: $_['text_backup']
LINE: 8

FILE: admin/language/ua-uk/common/column_left.php
CODE: $_['text_backup']
LINE: 9
----------------------------------------------------------------
MOD: Flexi filter

FILE: admin/controller/startup/startup.php
CODE: $this->registry->set('cart'
LINE: 59

FILE: catalog/controller/startup/startup.php
CODE: $this->registry->set('cart'
LINE: 189

FILE: catalog/controller/product/special.php
CODE: getProductSpecials(
LINE: 80
CODE: getTotalProductSpecials(
LINE: 78

FILE: catalog/controller/product/category.php
CODE: getProducts(
LINE: 166
CODE: $url = '';
LINE: 53
LINE: 123
LINE: 225
LINE: 297
LINE: 329
LINE: 391

FILE: catalog/controller/product/search.php
CODE: getProducts(
LINE: 194
CODE: $url = '';
LINE: 86
LINE: 249
LINE: 337
LINE: 385

FILE: catalog/controller/product/manufacturer.php
CODE: getProducts(
LINE: 157
CODE: $url = '';
LINE: 116
LINE: 212
LINE: 280
LINE: 308
LINE: 366
CODE: getProducts(
LINE: 84
CODE: $url = '';
LINE: 46
LINE: 139
LINE: 207
LINE: 235

FILE: system/library/cart/tax.php
CODE: function __construct(
LINE: 10
----------------------------------------------------------------
MOD: Modification Manager

FILE: admin/language/ru-ru/marketplace/modification.php
CODE: <?php
LINE: 24

FILE: admin/language/en-gb/marketplace/modification.php
CODE: <?php
LINE: 24

FILE: admin/controller/marketplace/modification.php
CODE: public function index() {
LINE: 13
CODE: $handle = fopen(DIR_LOGS . 'ocmod.log', 'w+');
LINE: 592
CODE: $maintenance = $this->config->get('config_maintenance');
LINE: 74
CODE: $data['breadcrumbs'] = array();
LINE: 688
CODE: $data['sort_name'] =
LINE: 779
CODE: $filter_data = array(
LINE: 709
CODE: $modification_total = $this->model_setting_modification->getTotalModifications();
LINE: 716
CODE: $results = $this->model_setting_modification->getModifications($filter_data);
LINE: 718
CODE: $data['modifications'][] = array(
LINE: 723
CODE: $pagination = new Pagination();
LINE: 811
CODE: $data['clear_log'] =
LINE: 714
CODE: $this->load->view('marketplace/modification'
LINE: 871
CODE: $this->response->redirect($this->url->link(!empty($data['redirect']) ? $data['redirect'] : 'marketplace/modification', 'user_token=' . $this->session->data['user_token'] . $url, true));
LINE: 452
CODE: if ($this->validate()) {
LINE: 89
CODE: $log[] = 'MOD:
LINE: 184
CODE: $operations = $file->getElementsByTagName('operation');
LINE: 199
CODE: $files = glob($path, GLOB_BRACE);
LINE: 228
CODE: if (!$status) {
LINE: 417
CODE: $ocmod->write(implode("
", $log));
NOT FOUND - OPERATIONS ABORTED!
----------------------------------------------------------------
MOD: No Common Home

FILE: catalog/controller/startup/seo_url.php
CODE: } elseif ($key == 'path') {
LINE: 130
----------------------------------------------------------------
MOD: Product Special Tag

FILE: catalog/controller/product/product.php
CODE: $data['price'] = $this->currency->format($this->tax->calculate($product_info['price'], $product_info['tax_class_id'], $this->config->get('config_tax')), $this->session->data['currency']);
LINE: 281
CODE: $data['special'] = $this->currency->format($this->tax->calculate($product_info['special'], $product_info['tax_class_id'], $this->config->get('config_tax')), $this->session->data['currency']);
LINE: 292
CODE: if ((float)$product_info['special'])
LINE: 289
CODE: $price = $this->currency->format($this->tax->calculate($result['price'], $result['tax_class_id'], $this->config->get('config_tax')), $this->session->data['currency']);
LINE: 401
CODE: $special = $this->currency->format($this->tax->calculate($result['special'], $result['tax_class_id'], $this->config->get('config_tax')), $this->session->data['currency']);
LINE: 411
CODE: if ((float)$result['special'])
LINE: 409
CODE: $special,
LINE: 440
CODE: $price = $this->currency->format($this->tax->calculate($result['price'], $result['tax_class_id'], $this->config->get('config_tax')), $this->session->data['currency']);
LINE: 187
CODE: $special = $this->currency->format($this->tax->calculate($result['special'], $result['tax_class_id'], $this->config->get('config_tax')), $this->session->data['currency']);
LINE: 198
CODE: if ((float)$result['special'])
LINE: 195
CODE: $special,
LINE: 227
CODE: $price = $this->currency->format($this->tax->calculate($result['price'], $result['tax_class_id'], $this->config->get('config_tax')), $this->session->data['currency']);
LINE: 101
CODE: $special = $this->currency->format($this->tax->calculate($result['special'], $result['tax_class_id'], $this->config->get('config_tax')), $this->session->data['currency']);
LINE: 112
CODE: if ((float)$result['special'])
LINE: 109
CODE: $special,
LINE: 141
CODE: $price = $this->currency->format($this->tax->calculate($result['price'], $result['tax_class_id'], $this->config->get('config_tax')), $this->session->data['currency']);
LINE: 211
CODE: $special = $this->currency->format($this->tax->calculate($result['special'], $result['tax_class_id'], $this->config->get('config_tax')), $this->session->data['currency']);
LINE: 222
CODE: if ((float)$result['special'])
LINE: 219
CODE: $special,
LINE: 251
CODE: $price = $this->currency->format($this->tax->calculate($result['price'], $result['tax_class_id'], $this->config->get('config_tax')), $this->session->data['currency']);
LINE: 174
CODE: $special = $this->currency->format($this->tax->calculate($result['special'], $result['tax_class_id'], $this->config->get('config_tax')), $this->session->data['currency']);
LINE: 185
CODE: if ((float)$result['special'])
LINE: 182
CODE: $special,
LINE: 214

FILE: catalog/controller/extension/module/featured.php
CODE: $price = $this->currency->format($this->tax->calculate($product_info['price'], $product_info['tax_class_id'], $this->config->get('config_tax')), $this->session->data['currency']);
LINE: 32
CODE: $special = $this->currency->format($this->tax->calculate($product_info['special'], $product_info['tax_class_id'], $this->config->get('config_tax')), $this->session->data['currency']);
LINE: 43
CODE: if ((float)$product_info['special'])
LINE: 40
CODE: $special,
LINE: 72

FILE: catalog/controller/extension/module/special.php
CODE: $price = $this->currency->format($this->tax->calculate($result['price'], $result['tax_class_id'], $this->config->get('config_tax')), $this->session->data['currency']);
LINE: 32
CODE: $special = $this->currency->format($this->tax->calculate($result['special'], $result['tax_class_id'], $this->config->get('config_tax')), $this->session->data['currency']);
LINE: 43
CODE: if ((float)$result['special'])
LINE: 40
CODE: $special,
LINE: 72

FILE: catalog/controller/extension/module/latest.php
CODE: $price = $this->currency->format($this->tax->calculate($result['price'], $result['tax_class_id'], $this->config->get('config_tax')), $this->session->data['currency']);
LINE: 32
CODE: $special = $this->currency->format($this->tax->calculate($result['special'], $result['tax_class_id'], $this->config->get('config_tax')), $this->session->data['currency']);
LINE: 43
CODE: if ((float)$result['special'])
LINE: 40
CODE: $special,
LINE: 72

FILE: catalog/view/theme/default/template/common/header.twig
CODE: <link href="catalog/view/theme/default/stylesheet/stylesheet.css" rel="stylesheet">
LINE: 25
----------------------------------------------------------------
MOD: Remove Validation From Telephone Field

FILE: catalog/controller/checkout/register.php
CODE: $json['error']['telephone'] = $this->language->get('error_telephone');
LINE: 130

FILE: catalog/controller/checkout/guest.php
CODE: $json['error']['telephone'] = $this->language->get('error_telephone');
LINE: 177

FILE: catalog/controller/account/register.php
CODE: $this->error['telephone'] = $this->language->get('error_telephone');
LINE: 237

FILE: catalog/view/theme/default/template/checkout/register.twig
CODE: <label class="control-label" for="input-payment-telephone">{{ entry_telephone }}</label>
LINE: 35

FILE: catalog/view/theme/default/template/checkout/guest.twig
CODE: <label class="control-label" for="input-payment-telephone">{{ entry_telephone }}</label>
LINE: 35

FILE: catalog/view/theme/default/template/account/register.twig
CODE: <label class="col-sm-2 control-label" for="input-telephone">{{ entry_telephone }}</label>
LINE: 68
----------------------------------------------------------------
MOD: Show Home Link in Menu
----------------------------------------------------------------
MOD: Show Login & Register Links
CODE: <li class="dropdown"><a href="{{ account }}" title="{{ text_account }}" class="dropdown-toggle" data-toggle="dropdown"><i class="fa fa-user"></i> <span class="hidden-xs hidden-sm hidden-md">{{ text_account }}</span> <span class="caret"></span></a>
LINE: 47
CODE: <li><a href="{{ checkout }}" title="{{ text_checkout }}"><i class="fa fa-share"></i> <span class="hidden-xs hidden-sm hidden-md">{{ text_checkout }}</span></a></li>
LINE: 67
----------------------------------------------------------------
MOD: Supportip Images Carousel
CODE: $this->load->language('product/product');
LINE: 9
LINE: 555
LINE: 598
LINE: 642
----------------------------------------------------------------
MOD: Быстрый просмотр товара
CODE: $this->load->model('tool/image');
LINE: 12
CODE: language->load('product/product');
LINE: 13
CODE: $data['products'][] = array(
LINE: 247
CODE: $data['products'][] = array(
LINE: 258
CODE: $this->load->model('tool/image');
LINE: 10
LINE: 69
CODE: language->load('product/product');
LINE: 11
LINE: 72
CODE: $data['products'][] = array(
LINE: 239
CODE: $data['products'][] = array(
LINE: 250
CODE: $this->load->model('tool/image');
LINE: 10
CODE: language->load('product/product');
LINE: 11
CODE: $data['products'][] = array(
LINE: 161
CODE: $data['products'][] = array(
LINE: 172
CODE: $this->load->model('tool/image');
LINE: 12
CODE: language->load('product/product');
LINE: 13
CODE: $data['products'][] = array(
LINE: 271
CODE: $data['products'][] = array(
LINE: 282

FILE: catalog/language/en-gb/product/category.php
CODE: // Text
LINE: 6

FILE: catalog/language/ru-ru/product/category.php
CODE: // Text
LINE: 6

FILE: catalog/language/ua-uk/product/category.php
CODE: // Text
LINE: 6

FILE: catalog/language/en-gb/product/manufacturer.php
CODE: // Text
LINE: 9

FILE: catalog/language/ru-ru/product/manufacturer.php
CODE: // Text
LINE: 9

FILE: catalog/language/ua-uk/product/manufacturer.php
CODE: // Text
LINE: 9

FILE: catalog/language/en-gb/product/special.php
CODE: // Text
LINE: 9

FILE: catalog/language/ru-ru/product/special.php
CODE: // Text
LINE: 9

FILE: catalog/language/ua-uk/product/special.php
CODE: // Text
LINE: 9

FILE: catalog/language/en-gb/product/search.php
CODE: // Text
LINE: 10

FILE: catalog/language/ru-ru/product/search.php
CODE: // Text
LINE: 10

FILE: catalog/language/ua-uk/product/search.php
CODE: // Text
LINE: 10
----------------------------------------------------------------
MOD: Все товары в родительской категории

FILE: catalog/model/catalog/product.php
CODE: $sql .= " AND p2c.category_id = '" . (int)$data['filter_category_id'] . "'";
LINE: 83
LINE: 440
----------------------------------------------------------------
MOD: Кнопки переключения количества
----------------------------------------------------------------
MOD: Кнопки Просмотр корзины и Оформить заказ

FILE: catalog/view/theme/default/template/common/cart.twig
CODE: <p class="text-right"><a href="{{ cart }}"><strong><i class="fa fa-shopping-cart"></i> {{ text_cart }}</strong></a>&nbsp;&nbsp;&nbsp;<a href="{{ checkout }}"><strong><i class="fa fa-share"></i> {{ text_checkout }}</strong></a></p>
LINE: 41
----------------------------------------------------------------
MOD: Очиcтка кэша

FILE: admin/controller/common/header.php
CODE: $data['logged'] = true;
LINE: 54
CODE: <ul class="nav navbar-nav navbar-right">
LINE: 115
CODE: <ul class="nav navbar-nav navbar-right">
LINE: 133
----------------------------------------------------------------
MOD: Подкатегории с картинками
CODE: $data['categories'][] = array(
LINE: 156
----------------------------------------------------------------
MOD: Пользовательские поля в адресе

FILE: admin/view/template/customer/custom_field_list.twig
CODE: <td style="width: 1px;" class="text-center"><input type="checkbox" onclick="$('input[name*=\'selected\']').prop('checked', this.checked);" /></td>
LINE: 37
CODE: <td style="width: 1px;" class="text-center"><input type="checkbox" onclick="$('input[name*=\'selected\']').trigger('click');"/></td>
NOT FOUND - OPERATION SKIPPED!
CODE: <td class="text-left">{{ custom_field.name }}</td>
LINE: 71
CODE: <td class="text-center" colspan="6">{{ text_no_results }}</td>
LINE: 80

FILE: admin/model/localisation/country.php
CODE: $this->db->query("UPDATE " . DB_PREFIX . "country SET name = '" . $this->db->escape($data['name']) . "', iso_code_2 = '" . $this->db->escape($data['iso_code_2']) . "', iso_code_3 = '" . $this->db->escape($data['iso_code_3']) . "', address_format = '" . $this->db->escape($data['address_format']) . "', postcode_required = '" . (int)$data['postcode_required'] . "', status = '" . (int)$data['status'] . "' WHERE country_id = '" . (int)$country_id . "'");
LINE: 12
CODE: $this->db->query("UPDATE " . DB_PREFIX . "country SET name = '" . $this->db->escape((string)$data['name']) . "', iso_code_2 = '" . $this->db->escape((string)$data['iso_code_2']) . "', iso_code_3 = '" . $this->db->escape((string)$data['iso_code_3']) . "', address_format = '" . $this->db->escape((string)$data['address_format']) . "', postcode_required = '" . (int)$data['postcode_required'] . "', status = '" . (int)$data['status'] . "' WHERE country_id = '" . (int)$country_id . "'");
NOT FOUND - OPERATION SKIPPED!

FILE: admin/controller/sale/order.php
CODE: $data['payment_address'] = str_replace(array("
", "
", "
"), '<br />', preg_replace(array("/\s\s+/", "/

+/", "/

+/"), '<br />', trim(str_replace($find, $replace, $format))));
NOT FOUND - OPERATIONS ABORTED!

FILE: catalog/model/account/order.php
CODE: 'payment_address_format'  => $order_query->row['payment_address_format'],
LINE: 73

FILE: catalog/controller/account/address.php
CODE: foreach ($results as $result) {
LINE: 170
CODE: $find = array(
LINE: 196

FILE: catalog/controller/account/order.php
CODE: if ($order_info['payment_address_format']) {
LINE: 166
CODE: $data['payment_address'] = str_replace(array("
", "
", "
"), '<br />', preg_replace(array("/\s\s+/", "/

+/", "/

+/"), '<br />', trim(str_replace($find, $replace, $format))));
NOT FOUND - OPERATIONS ABORTED!

FILE: catalog/controller/mail/order.php
CODE: $data['payment_address'] = str_replace(array("
", "
", "
"), '<br />', preg_replace(array("/\s\s+/", "/

+/", "/

+/"), '<br />', trim(str_replace($find, $replace, $format))));
NOT FOUND - OPERATIONS ABORTED!
----------------------------------------------------------------
